<?xml version="1.0" encoding="UTF-8"?>
<testng-results ignored="0" total="2" passed="2" failed="0" skipped="0">
  <reporter-output>
  </reporter-output>
  <suite started-at="2024-06-07T07:24:36 CDT" name="Default suite" finished-at="2024-06-07T07:24:53 CDT" duration-ms="16906">
    <groups>
      <group name="cucumber">
        <method signature="AbstractTestNGCucumberTests.runScenario(io.cucumber.testng.PickleWrapper,io.cucumber.testng.FeatureWrapper)[pri:0, instance:Runner.CucumberRunnerTest@14bdbc74]" name="runScenario" class="io.cucumber.testng.AbstractTestNGCucumberTests"/>
      </group> <!-- cucumber -->
    </groups>
    <test started-at="2024-06-07T07:24:36 CDT" name="Default test" finished-at="2024-06-07T07:24:53 CDT" duration-ms="16906">
      <class name="Runner.CucumberRunnerTest">
        <test-method is-config="true" signature="setUpClass(org.testng.ITestContext)[pri:0, instance:Runner.CucumberRunnerTest@14bdbc74]" started-at="2024-06-07T07:24:36 CDT" name="setUpClass" finished-at="2024-06-07T07:24:37 CDT" duration-ms="742" status="PASS">
          <params>
            <param index="0">
              <value>
                <![CDATA[org.testng.TestRunner@69ec93c2]]>
              </value>
            </param>
          </params>
          <reporter-output>
          </reporter-output>
        </test-method> <!-- setUpClass -->
        <test-method signature="runScenario(io.cucumber.testng.PickleWrapper,io.cucumber.testng.FeatureWrapper)[pri:0, instance:Runner.CucumberRunnerTest@14bdbc74]" started-at="2024-06-07T07:24:37 CDT" name="runScenario" description="Runs Cucumber Scenarios" data-provider="scenarios" finished-at="2024-06-07T07:24:41 CDT" duration-ms="4305" status="PASS">
          <params>
            <param index="0">
              <value>
                <![CDATA["Validate the  test login sitewith valid credentials"]]>
              </value>
            </param>
            <param index="1">
              <value>
                <![CDATA["TestSite login Functionality"]]>
              </value>
            </param>
          </params>
          <reporter-output>
          </reporter-output>
        </test-method> <!-- runScenario -->
        <test-method signature="runScenario(io.cucumber.testng.PickleWrapper,io.cucumber.testng.FeatureWrapper)[pri:0, instance:Runner.CucumberRunnerTest@14bdbc74]" started-at="2024-06-07T07:24:37 CDT" name="runScenario" description="Runs Cucumber Scenarios" data-provider="scenarios" finished-at="2024-06-07T07:24:47 CDT" duration-ms="10173" status="PASS">
          <params>
            <param index="0">
              <value>
                <![CDATA["Validate google search is working"]]>
              </value>
            </param>
            <param index="1">
              <value>
                <![CDATA["Google Search functionality"]]>
              </value>
            </param>
          </params>
          <reporter-output>
          </reporter-output>
        </test-method> <!-- runScenario -->
        <test-method is-config="true" signature="tearDownClass()[pri:0, instance:Runner.CucumberRunnerTest@14bdbc74]" started-at="2024-06-07T07:24:47 CDT" name="tearDownClass" finished-at="2024-06-07T07:24:53 CDT" duration-ms="5940" status="PASS">
          <reporter-output>
          </reporter-output>
        </test-method> <!-- tearDownClass -->
      </class> <!-- Runner.CucumberRunnerTest -->
    </test> <!-- Default test -->
  </suite> <!-- Default suite -->
</testng-results>
